<?xml version="1.0" encoding="UTF-8"?>
<!-- Generated by org.testng.reporters.JUnitXMLReporter -->
<testsuite hostname="Shadab" name="Test-Login" tests="1" failures="0" timestamp="21 Dec 2021 19:39:58 GMT" time="14.865" errors="0">
  <testcase name="testVtigerLogin" time="14.848" classname="com.vtiger.testscripts.TestLoginPage"/>
</testsuite> <!-- Test-Login -->
