<?xml version="1.0" encoding="UTF-8"?>
<!-- Generated by org.testng.reporters.JUnitXMLReporter -->
<testsuite hostname="Shadab" name="Test-Lead" tests="3" failures="0" timestamp="21 Dec 2021 19:40:23 GMT" time="24.688" errors="0">
  <testcase name="testLeadCreation" time="5.153" classname="com.vtiger.testscripts.TestLeadsPage"/>
  <testcase name="testEditCreatedLead" time="2.91" classname="com.vtiger.testscripts.TestLeadsPage"/>
  <testcase name="testDeleteCreatedLead" time="0.878" classname="com.vtiger.testscripts.TestLeadsPage"/>
</testsuite> <!-- Test-Lead -->
