<?xml version="1.0" encoding="UTF-8"?>
<!-- Generated by org.testng.reporters.JUnitXMLReporter -->
<testsuite hostname="Shadab" name="Test-Organization" tests="3" failures="0" timestamp="21 Dec 2021 19:40:50 GMT" time="26.795" errors="0">
  <testcase name="testOrganizationCreation" time="4.972" classname="com.vtiger.testscripts.TestOrganizationPage"/>
  <testcase name="testOrganizationEdit" time="3.699" classname="com.vtiger.testscripts.TestOrganizationPage"/>
  <testcase name="testOrganizationDelete" time="0.885" classname="com.vtiger.testscripts.TestOrganizationPage"/>
</testsuite> <!-- Test-Organization -->
