<?xml version="1.0" encoding="UTF-8"?>
<!-- Generated by org.testng.reporters.JUnitReportReporter -->
<testsuite hostname="Shadab" name="com.vtiger.testscripts.TestLeadsPage" tests="3" failures="0" timestamp="21 Dec 2021 19:40:50 GMT" time="8.941" errors="0">
  <testcase name="testEditCreatedLead" time="2.910" classname="com.vtiger.testscripts.TestLeadsPage"/>
  <testcase name="testDeleteCreatedLead" time="0.878" classname="com.vtiger.testscripts.TestLeadsPage"/>
  <testcase name="testLeadCreation" time="5.153" classname="com.vtiger.testscripts.TestLeadsPage"/>
</testsuite> <!-- com.vtiger.testscripts.TestLeadsPage -->
