<?xml version="1.0" encoding="UTF-8"?>
<!-- Generated by org.testng.reporters.JUnitReportReporter -->
<testsuite hostname="Shadab" name="com.vtiger.testscripts.TestLoginPage" tests="1" failures="0" timestamp="21 Dec 2021 19:40:50 GMT" time="14.848" errors="0">
  <testcase name="testVtigerLogin" time="14.848" classname="com.vtiger.testscripts.TestLoginPage"/>
</testsuite> <!-- com.vtiger.testscripts.TestLoginPage -->
