<?xml version="1.0" encoding="UTF-8"?>
<!-- Generated by org.testng.reporters.JUnitReportReporter -->
<testsuite hostname="Shadab" name="testscripts.TestLeadsPage" tests="3" failures="0" timestamp="21 Dec 2021 02:26:13 GMT" time="9.068" errors="0">
  <testcase name="testEditCreatedLead" time="2.748" classname="testscripts.TestLeadsPage"/>
  <testcase name="testLeadCreation" time="5.428" classname="testscripts.TestLeadsPage"/>
  <testcase name="testDeleteCreatedLead" time="0.892" classname="testscripts.TestLeadsPage"/>
</testsuite> <!-- testscripts.TestLeadsPage -->
