<?xml version="1.0" encoding="UTF-8"?>
<!-- Generated by org.testng.reporters.JUnitReportReporter -->
<testsuite hostname="Shadab" name="testscripts.TestLoginPage" tests="1" failures="0" timestamp="21 Dec 2021 15:17:20 GMT" time="58.165" errors="0">
  <testcase name="testVtigerLogin" time="58.165" classname="testscripts.TestLoginPage"/>
</testsuite> <!-- testscripts.TestLoginPage -->
